<?xml version="1.0" encoding="UTF-8"?>
<testng-results ignored="0" total="1" passed="1" failed="0" skipped="0">
  <reporter-output>
  </reporter-output>
  <suite started-at="2022-10-06T00:22:33 IST" name="Suite" finished-at="2022-10-06T00:22:42 IST" duration-ms="8317">
    <groups>
    </groups>
    <test started-at="2022-10-06T00:22:33 IST" name="Test" finished-at="2022-10-06T00:22:42 IST" duration-ms="8317">
      <class name="scripts.Testcase1">
        <test-method is-config="true" signature="openApp()[pri:0, instance:scripts.Testcase1@7ea9e1e2]" started-at="2022-10-06T00:22:33 IST" name="openApp" finished-at="2022-10-06T00:22:41 IST" duration-ms="7591" status="PASS">
          <reporter-output>
          </reporter-output>
        </test-method> <!-- openApp -->
        <test-method signature="tc1()[pri:0, instance:scripts.Testcase1@7ea9e1e2]" started-at="2022-10-06T00:22:41 IST" name="tc1" finished-at="2022-10-06T00:22:41 IST" duration-ms="318" status="PASS">
          <reporter-output>
          </reporter-output>
        </test-method> <!-- tc1 -->
        <test-method is-config="true" signature="closeApp(org.testng.ITestResult)[pri:0, instance:scripts.Testcase1@7ea9e1e2]" started-at="2022-10-06T00:22:41 IST" name="closeApp" finished-at="2022-10-06T00:22:42 IST" duration-ms="356" status="PASS">
          <params>
            <param index="0">
              <value>
                <![CDATA[[TestResult name=tc1 status=SUCCESS method=Testcase1.tc1()[pri:0, instance:scripts.Testcase1@7ea9e1e2] output={null}]]]>
              </value>
            </param>
          </params>
          <reporter-output>
          </reporter-output>
        </test-method> <!-- closeApp -->
      </class> <!-- scripts.Testcase1 -->
    </test> <!-- Test -->
  </suite> <!-- Suite -->
</testng-results>
